<?xml version="1.0" encoding="UTF-8"?>
<!-- Generated by org.testng.reporters.JUnitReportReporter -->
<testsuite hostname="Akila" failures="0" tests="8" name="runner.TestRunner" time="251.559" errors="0" timestamp="2025-09-12T22:24:44 IST" skipped="0">
  <testcase classname="runner.TestRunner" name="runScenario" time="4.670"/>
  <testcase classname="runner.TestRunner" name="runScenario" time="25.115"/>
  <testcase classname="runner.TestRunner" name="runScenario" time="53.749"/>
  <testcase classname="runner.TestRunner" name="runScenario" time="26.144"/>
  <testcase classname="runner.TestRunner" name="runScenario" time="5.940"/>
  <testcase classname="runner.TestRunner" name="runScenario" time="36.679"/>
  <testcase classname="runner.TestRunner" name="runScenario" time="74.162"/>
  <testcase classname="runner.TestRunner" name="runScenario" time="25.100"/>
</testsuite> <!-- runner.TestRunner -->
