<?xml version="1.0" encoding="UTF-8"?>
<!-- Generated by org.testng.reporters.JUnitReportReporter -->
<testsuite hostname="Akila" failures="0" tests="4" name="runner.TestRunner" time="101.895" errors="0" timestamp="2025-09-10T19:34:08 IST" skipped="0">
  <testcase classname="runner.TestRunner" name="runScenario" time="24.449"/>
  <testcase classname="runner.TestRunner" name="runScenario" time="25.137"/>
  <testcase classname="runner.TestRunner" name="runScenario" time="23.588"/>
  <testcase classname="runner.TestRunner" name="runScenario" time="28.721"/>
</testsuite> <!-- runner.TestRunner -->
