<?xml version="1.0" encoding="UTF-8"?>
<!-- Generated by org.testng.reporters.JUnitReportReporter -->
<testsuite hostname="Akila" failures="0" tests="8" name="runner.TestRunner" time="197.331" errors="0" timestamp="2025-09-13T14:03:04 IST" skipped="0">
  <testcase classname="runner.TestRunner" name="runScenario" time="3.389"/>
  <testcase classname="runner.TestRunner" name="runScenario" time="49.850"/>
  <testcase classname="runner.TestRunner" name="runScenario" time="36.114"/>
  <testcase classname="runner.TestRunner" name="runScenario" time="3.386"/>
  <testcase classname="runner.TestRunner" name="runScenario" time="21.457"/>
  <testcase classname="runner.TestRunner" name="runScenario" time="20.153"/>
  <testcase classname="runner.TestRunner" name="runScenario" time="19.745"/>
  <testcase classname="runner.TestRunner" name="runScenario" time="43.237"/>
</testsuite> <!-- runner.TestRunner -->
