<?xml version="1.0" encoding="UTF-8"?>
<!-- Generated by org.testng.reporters.JUnitReportReporter -->
<testsuite hostname="Akila" failures="0" tests="1" name="runner.TestRunner" time="25.451" errors="0" timestamp="2025-09-11T01:00:07 IST" skipped="0">
  <testcase classname="runner.TestRunner" name="runScenario" time="25.451"/>
</testsuite> <!-- runner.TestRunner -->
