<?xml version="1.0" encoding="UTF-8"?>
<!-- Generated by org.testng.reporters.JUnitReportReporter -->
<testsuite hostname="Akila" failures="0" tests="2" name="runner.TestRunner" time="41.891" errors="0" timestamp="2025-09-06T12:14:40 IST" skipped="0">
  <testcase classname="runner.TestRunner" name="runScenario" time="21.237"/>
  <testcase classname="runner.TestRunner" name="runScenario" time="20.654"/>
</testsuite> <!-- runner.TestRunner -->
