<?xml version="1.0" encoding="UTF-8"?>
<!-- Generated by org.testng.reporters.JUnitReportReporter -->
<testsuite hostname="Akila" failures="0" tests="1" name="runner.TestRunner" time="43.212" errors="0" timestamp="2025-09-11T12:44:59 IST" skipped="0">
  <testcase classname="runner.TestRunner" name="runScenario" time="43.212"/>
</testsuite> <!-- runner.TestRunner -->
