<?xml version="1.0" encoding="UTF-8"?>
<!-- Generated by org.testng.reporters.JUnitReportReporter -->
<testsuite hostname="Akila" failures="0" tests="8" name="runner.TestRunner" time="246.678" errors="0" timestamp="2025-09-13T09:41:34 IST" skipped="0">
  <testcase classname="runner.TestRunner" name="runScenario" time="9.821"/>
  <testcase classname="runner.TestRunner" name="runScenario" time="23.468"/>
  <testcase classname="runner.TestRunner" name="runScenario" time="23.112"/>
  <testcase classname="runner.TestRunner" name="runScenario" time="3.597"/>
  <testcase classname="runner.TestRunner" name="runScenario" time="40.545"/>
  <testcase classname="runner.TestRunner" name="runScenario" time="50.939"/>
  <testcase classname="runner.TestRunner" name="runScenario" time="74.289"/>
  <testcase classname="runner.TestRunner" name="runScenario" time="20.907"/>
</testsuite> <!-- runner.TestRunner -->
